<?xml version="1.0" encoding="UTF-8" ?>
<testsuite tests="21" failures="0" name="testRunner.TestRunner" time="11.576" errors="0" skipped="0">
  <properties>
[...]
</properties>
  <testcase classname="Batch Requests" name="Verify can send get request to retrieve all Batch data" time="4.068"/>
  <testcase classname="Batch Requests" name="Cretae new Program for Batch" time="0.801"/>
  <testcase classname="Batch Requests" name="Cretae Batch" time="0.294"/>
  <testcase classname="Batch Requests" name="Cretae duplicate Batch" time="0.263"/>
  <testcase classname="Batch Requests" name="Get Batches By Id" time="0.213"/>
  <testcase classname="Batch Requests" name="Get Batches By Batch Name" time="0.216"/>
  <testcase classname="Batch Requests" name="Get Batches By Program Id" time="0.269"/>
  <testcase classname="Batch Requests" name="Update Batch By Id" time="0.22"/>
  <testcase classname="Batch Requests" name="Delete Batch By Id" time="0.194"/>
  <testcase classname="Batch Requests" name="Delete Batch By already deleted  Id" time="0.201"/>
  <testcase classname="Batch Requests" name="Delete Program by name" time="0.221"/>
  <testcase classname="Program Feature" name="Verify can send get request to retrieve all program data" time="2.211"/>
  <testcase classname="Program Feature" name="Verify can send get request to retrieve all program data" time="0.001"/>
  <testcase classname="Program Feature" name="Verify that user can send post request" time="0.717"/>
  <testcase classname="Program Feature" name="Verify that user can send post request" time="0.259"/>
  <testcase classname="Program Feature" name="Verify that user can send post request" time="0.263"/>
  <testcase classname="Program Feature" name="Verify  can send get request to retrieve single Program dara" time="0.216"/>
  <testcase classname="Program Feature" name="Update By Program Id" time="0.287"/>
  <testcase classname="Program Feature" name="Update By Program Name" time="0.281"/>
  <testcase classname="Program Feature" name="Delete Program By Id" time="0.223"/>
  <testcase classname="Program Feature" name="Delete Program By Name" time="0.158"/>
</testsuite>